<?xml version="1.0" encoding="UTF-8"?>
<testng-results skipped="0" failed="0" ignored="0" total="2" passed="2">
  <reporter-output>
  </reporter-output>
  <suite name="Suite1" duration-ms="29149" started-at="2017-03-13T14:28:20Z" finished-at="2017-03-13T14:28:49Z">
    <groups>
    </groups>
    <test name="testLogin" duration-ms="29149" started-at="2017-03-13T14:28:20Z" finished-at="2017-03-13T14:28:49Z">
      <class name="pages.GmailLoginTest">
        <test-method status="PASS" signature="setUp()[pri:0, instance:pages.GmailLoginTest@735b5592]" name="setUp" is-config="true" duration-ms="4423" started-at="2017-03-13T10:28:20Z" finished-at="2017-03-13T10:28:25Z">
          <reporter-output>
          </reporter-output>
        </test-method> <!-- setUp -->
        <test-method status="PASS" signature="testGmailLogin(java.lang.String, java.lang.String)[pri:0, instance:pages.GmailLoginTest@735b5592]" name="testGmailLogin" duration-ms="10660" started-at="2017-03-13T10:28:25Z" data-provider="testLogin" finished-at="2017-03-13T10:28:35Z">
          <params>
            <param index="0">
              <value>
                <![CDATA[dailymtester1]]>
              </value>
            </param>
            <param index="1">
              <value>
                <![CDATA[dailymotiontester1]]>
              </value>
            </param>
          </params>
          <reporter-output>
          </reporter-output>
        </test-method> <!-- testGmailLogin -->
        <test-method status="PASS" signature="tearDown(org.testng.ITestResult)[pri:0, instance:pages.GmailLoginTest@735b5592]" name="tearDown" is-config="true" duration-ms="266" started-at="2017-03-13T10:28:35Z" finished-at="2017-03-13T10:28:36Z">
          <params>
            <param index="0">
              <value>
                <![CDATA[[TestResult name=testGmailLogin status=SUCCESS method=GmailLoginTest.testGmailLogin(java.lang.String, java.lang.String)[pri:0, instance:pages.GmailLoginTest@735b5592] output={null}]]]>
              </value>
            </param>
          </params>
          <reporter-output>
          </reporter-output>
        </test-method> <!-- tearDown -->
        <test-method status="PASS" signature="setUp()[pri:0, instance:pages.GmailLoginTest@735b5592]" name="setUp" is-config="true" duration-ms="2913" started-at="2017-03-13T10:28:36Z" finished-at="2017-03-13T10:28:38Z">
          <reporter-output>
          </reporter-output>
        </test-method> <!-- setUp -->
        <test-method status="PASS" signature="testGmailLogin(java.lang.String, java.lang.String)[pri:0, instance:pages.GmailLoginTest@735b5592]" name="testGmailLogin" duration-ms="10643" started-at="2017-03-13T10:28:38Z" data-provider="testLogin" finished-at="2017-03-13T10:28:49Z">
          <params>
            <param index="0">
              <value>
                <![CDATA[daily2tester]]>
              </value>
            </param>
            <param index="1">
              <value>
                <![CDATA[DAILYMOTION2TESTER!]]>
              </value>
            </param>
          </params>
          <reporter-output>
          </reporter-output>
        </test-method> <!-- testGmailLogin -->
        <test-method status="PASS" signature="tearDown(org.testng.ITestResult)[pri:0, instance:pages.GmailLoginTest@735b5592]" name="tearDown" is-config="true" duration-ms="192" started-at="2017-03-13T10:28:49Z" finished-at="2017-03-13T10:28:49Z">
          <params>
            <param index="0">
              <value>
                <![CDATA[[TestResult name=testGmailLogin status=SUCCESS method=GmailLoginTest.testGmailLogin(java.lang.String, java.lang.String)[pri:0, instance:pages.GmailLoginTest@735b5592] output={null}]]]>
              </value>
            </param>
          </params>
          <reporter-output>
          </reporter-output>
        </test-method> <!-- tearDown -->
      </class> <!-- pages.GmailLoginTest -->
    </test> <!-- testLogin -->
  </suite> <!-- Suite1 -->
</testng-results>
